-------------------------------------------------------------------------------
Test set: TestSuite
-------------------------------------------------------------------------------
Tests run: 2, Failures: 1, Errors: 0, Skipped: 0, Time elapsed: 53.053 s <<< FAILURE! - in TestSuite
homepagetest.HomePageTest.testSearchBox1  Time elapsed: 14.619 s  <<< FAILURE!
java.lang.AssertionError: Product does not match expected ["Mask1"] but found ["Mask"]
	at homepagetest.HomePageTest.testSearchBox1(HomePageTest.java:40)

